[0217/174201:ERROR:renderer_main.cc(200)] Running without renderer sandbox
[0222/124904:ERROR:renderer_main.cc(200)] Running without renderer sandbox
[0222/124930:WARNING:pref_notifier_impl.cc(27)] pref observer found at shutdown proxy
[0222/125420:ERROR:renderer_main.cc(200)] Running without renderer sandbox
[0222/125701:WARNING:content_browser_client.cc(553)] No browser info matching frame process id 3 and routing id 1
[0222/125701:WARNING:content_browser_client.cc(553)] No browser info matching frame process id 3 and routing id 1
[0222/125701:WARNING:content_browser_client.cc(553)] No browser info matching frame process id 3 and routing id 1
[0222/125701:WARNING:content_browser_client.cc(553)] No browser info matching frame process id 3 and routing id 1
[0222/125701:WARNING:content_browser_client.cc(553)] No browser info matching frame process id 3 and routing id 1
[0222/125701:WARNING:content_browser_client.cc(553)] No browser info matching frame process id 3 and routing id 1
[0222/125701:WARNING:content_browser_client.cc(553)] No browser info matching frame process id 3 and routing id 1
[0222/125701:WARNING:content_browser_client.cc(553)] No browser info matching frame process id 3 and routing id 1
[0222/125701:WARNING:content_browser_client.cc(553)] No browser info matching frame process id 3 and routing id 1
[0222/125701:WARNING:content_browser_client.cc(553)] No browser info matching frame process id 3 and routing id 1
[0222/125701:WARNING:content_browser_client.cc(553)] No browser info matching frame process id 3 and routing id 1
[0222/125701:WARNING:content_browser_client.cc(553)] No browser info matching frame process id 3 and routing id 1
[0222/125701:WARNING:content_browser_client.cc(553)] No browser info matching frame process id 3 and routing id 1
[0222/125701:WARNING:content_browser_client.cc(553)] No browser info matching frame process id 3 and routing id 1
[0222/125701:WARNING:content_browser_client.cc(553)] No browser info matching frame process id 3 and routing id 1
[0222/125701:WARNING:content_browser_client.cc(553)] No browser info matching frame process id 3 and routing id 1
[0222/125701:WARNING:content_browser_client.cc(553)] No browser info matching frame process id 3 and routing id 1
[0222/125701:WARNING:content_browser_client.cc(553)] No browser info matching frame process id 3 and routing id 1
[0222/125701:WARNING:content_browser_client.cc(553)] No browser info matching frame process id 3 and routing id 1
[0222/125701:WARNING:content_browser_client.cc(553)] No browser info matching frame process id 3 and routing id 1
[0222/125701:WARNING:content_browser_client.cc(553)] No browser info matching frame process id 3 and routing id 1
[0222/125701:WARNING:content_browser_client.cc(553)] No browser info matching frame process id 3 and routing id 1
[0222/130913:ERROR:renderer_main.cc(200)] Running without renderer sandbox
[0229/105139:ERROR:renderer_main.cc(200)] Running without renderer sandbox
[0229/105236:ERROR:renderer_main.cc(200)] Running without renderer sandbox
[0302/114924:ERROR:renderer_main.cc(200)] Running without renderer sandbox
[0302/172325:ERROR:renderer_main.cc(200)] Running without renderer sandbox
[0313/142450:ERROR:renderer_main.cc(200)] Running without renderer sandbox
[0411/202441:ERROR:renderer_main.cc(200)] Running without renderer sandbox
[0411/204842:ERROR:renderer_main.cc(200)] Running without renderer sandbox
[0414/112836:ERROR:renderer_main.cc(200)] Running without renderer sandbox
[0417/115728:ERROR:renderer_main.cc(200)] Running without renderer sandbox
[0417/120100:ERROR:renderer_main.cc(200)] Running without renderer sandbox
[0417/120128:ERROR:renderer_main.cc(200)] Running without renderer sandbox
[0417/120241:ERROR:renderer_main.cc(200)] Running without renderer sandbox
[0601/203026:ERROR:renderer_main.cc(200)] Running without renderer sandbox
[0615/110332:ERROR:renderer_main.cc(200)] Running without renderer sandbox
[0615/112817:ERROR:renderer_main.cc(200)] Running without renderer sandbox
[0615/132615:ERROR:renderer_main.cc(200)] Running without renderer sandbox
[0616/132053:ERROR:renderer_main.cc(200)] Running without renderer sandbox
[0616/132057:ERROR:ipc_channel_win.cc(435)] pipe error: 232
[0616/132139:ERROR:renderer_main.cc(200)] Running without renderer sandbox
[0616/132151:ERROR:renderer_main.cc(200)] Running without renderer sandbox
[0702/154319:ERROR:renderer_main.cc(200)] Running without renderer sandbox
[0707/161329:ERROR:renderer_main.cc(200)] Running without renderer sandbox
[0707/161412:ERROR:renderer_main.cc(200)] Running without renderer sandbox
[0707/161905:ERROR:renderer_main.cc(200)] Running without renderer sandbox
[0707/163817:WARNING:quota_manager.cc(193)] Create directory failed for path
[0707/163817:WARNING:quota_manager.cc(193)] Create directory failed for path
[0707/164706:ERROR:renderer_main.cc(200)] Running without renderer sandbox
[0707/164717:WARNING:quota_manager.cc(193)] Create directory failed for path
[0707/164717:WARNING:quota_manager.cc(193)] Create directory failed for path
[0707/164959:WARNING:quota_manager.cc(193)] Create directory failed for path
[0707/165027:WARNING:quota_manager.cc(193)] Create directory failed for path
[0707/171717:WARNING:quota_manager.cc(193)] Create directory failed for path
[0707/175352:ERROR:renderer_main.cc(200)] Running without renderer sandbox
[0707/175352:WARNING:quota_manager.cc(193)] Create directory failed for path
[0707/175352:WARNING:quota_manager.cc(193)] Create directory failed for path
[0707/175417:ERROR:renderer_main.cc(200)] Running without renderer sandbox
[0707/175418:WARNING:quota_manager.cc(193)] Create directory failed for path
[0707/175418:WARNING:quota_manager.cc(193)] Create directory failed for path
[0707/175448:WARNING:quota_manager.cc(193)] Create directory failed for path
