C:\Users\xishiyi\Desktop\OnlineStuClientyousi17\OnlineStuClientyousi\vs2010\Debug\cl.command.1.tlog
C:\Users\xishiyi\Desktop\OnlineStuClientyousi17\OnlineStuClientyousi\vs2010\Debug\CL.read.1.tlog
C:\Users\xishiyi\Desktop\OnlineStuClientyousi17\OnlineStuClientyousi\vs2010\Debug\CL.write.1.tlog
C:\USERS\XISHIYI\DESKTOP\ONLINESTUCLIENTYOUSI17\ONLINESTUCLIENTYOUSI\VS2010\DEBUG\CLIENTAPP.OBJ
C:\USERS\XISHIYI\DESKTOP\ONLINESTUCLIENTYOUSI17\ONLINESTUCLIENTYOUSI\VS2010\DEBUG\CLIENTV8EXTENSIONHANDLER.OBJ
C:\USERS\XISHIYI\DESKTOP\ONLINESTUCLIENTYOUSI17\ONLINESTUCLIENTYOUSI\VS2010\DEBUG\COMMON.OBJ
C:\USERS\XISHIYI\DESKTOP\ONLINESTUCLIENTYOUSI17\ONLINESTUCLIENTYOUSI\VS2010\DEBUG\JSONCPP.OBJ
C:\USERS\XISHIYI\DESKTOP\ONLINESTUCLIENTYOUSI17\ONLINESTUCLIENTYOUSI\VS2010\DEBUG\JUSTALK.OBJ
C:\Users\xishiyi\Desktop\OnlineStuClientyousi17\OnlineStuClientyousi\vs2010\Debug\link.command.1.tlog
C:\Users\xishiyi\Desktop\OnlineStuClientyousi17\OnlineStuClientyousi\vs2010\Debug\link.read.1.tlog
C:\Users\xishiyi\Desktop\OnlineStuClientyousi17\OnlineStuClientyousi\vs2010\Debug\link.write.1.tlog
C:\Users\xishiyi\Desktop\OnlineStuClientyousi17\OnlineStuClientyousi\vs2010\Debug\link-cvtres.read.1.tlog
C:\Users\xishiyi\Desktop\OnlineStuClientyousi17\OnlineStuClientyousi\vs2010\Debug\link-cvtres.write.1.tlog
C:\Users\xishiyi\Desktop\OnlineStuClientyousi17\OnlineStuClientyousi\vs2010\Debug\mt.command.1.tlog
C:\Users\xishiyi\Desktop\OnlineStuClientyousi17\OnlineStuClientyousi\vs2010\Debug\mt.read.1.tlog
C:\Users\xishiyi\Desktop\OnlineStuClientyousi17\OnlineStuClientyousi\vs2010\Debug\mt.write.1.tlog
C:\USERS\XISHIYI\DESKTOP\ONLINESTUCLIENTYOUSI17\ONLINESTUCLIENTYOUSI\VS2010\DEBUG\ONLINESTUCLIENT.EXE
C:\USERS\XISHIYI\DESKTOP\ONLINESTUCLIENTYOUSI17\ONLINESTUCLIENTYOUSI\VS2010\DEBUG\ONLINESTUCLIENT.EXE.EMBED.MANIFEST
C:\USERS\XISHIYI\DESKTOP\ONLINESTUCLIENTYOUSI17\ONLINESTUCLIENTYOUSI\VS2010\DEBUG\ONLINESTUCLIENT.EXE.EMBED.MANIFEST.RES
C:\USERS\XISHIYI\DESKTOP\ONLINESTUCLIENTYOUSI17\ONLINESTUCLIENTYOUSI\VS2010\DEBUG\ONLINESTUCLIENT.EXE.INTERMEDIATE.MANIFEST
C:\Users\xishiyi\Desktop\OnlineStuClientyousi17\OnlineStuClientyousi\vs2010\Debug\OnlineStuClient.exp
C:\USERS\XISHIYI\DESKTOP\ONLINESTUCLIENTYOUSI17\ONLINESTUCLIENTYOUSI\VS2010\DEBUG\ONLINESTUCLIENT.ILK
C:\Users\xishiyi\Desktop\OnlineStuClientyousi17\OnlineStuClientyousi\vs2010\Debug\OnlineStuClient.lib
C:\USERS\XISHIYI\DESKTOP\ONLINESTUCLIENTYOUSI17\ONLINESTUCLIENTYOUSI\VS2010\DEBUG\ONLINESTUCLIENT.PDB
C:\USERS\XISHIYI\DESKTOP\ONLINESTUCLIENTYOUSI17\ONLINESTUCLIENTYOUSI\VS2010\DEBUG\ONLINESTUCLIENT.RES
C:\Users\xishiyi\Desktop\OnlineStuClientyousi17\OnlineStuClientyousi\vs2010\Debug\OnlineStuClient.vcxprojResolveAssemblyReference.cache
C:\Users\xishiyi\Desktop\OnlineStuClientyousi17\OnlineStuClientyousi\vs2010\Debug\OnlineStuClient.write.1.tlog
C:\Users\xishiyi\Desktop\OnlineStuClientyousi17\OnlineStuClientyousi\vs2010\Debug\OnlineStuClient_manifest.rc
C:\USERS\XISHIYI\DESKTOP\ONLINESTUCLIENTYOUSI17\ONLINESTUCLIENTYOUSI\VS2010\DEBUG\POPVIDEO.OBJ
C:\Users\xishiyi\Desktop\OnlineStuClientyousi17\OnlineStuClientyousi\vs2010\Debug\rc.command.1.tlog
C:\Users\xishiyi\Desktop\OnlineStuClientyousi17\OnlineStuClientyousi\vs2010\Debug\rc.read.1.tlog
C:\Users\xishiyi\Desktop\OnlineStuClientyousi17\OnlineStuClientyousi\vs2010\Debug\rc.write.1.tlog
C:\USERS\XISHIYI\DESKTOP\ONLINESTUCLIENTYOUSI17\ONLINESTUCLIENTYOUSI\VS2010\DEBUG\RECORDER.OBJ
C:\USERS\XISHIYI\DESKTOP\ONLINESTUCLIENTYOUSI17\ONLINESTUCLIENTYOUSI\VS2010\DEBUG\SETUPFRAME.OBJ
C:\USERS\XISHIYI\DESKTOP\ONLINESTUCLIENTYOUSI17\ONLINESTUCLIENTYOUSI\VS2010\DEBUG\SIGNER.OBJ
C:\USERS\XISHIYI\DESKTOP\ONLINESTUCLIENTYOUSI17\ONLINESTUCLIENTYOUSI\VS2010\DEBUG\STUCLIENTAPP.OBJ
C:\USERS\XISHIYI\DESKTOP\ONLINESTUCLIENTYOUSI17\ONLINESTUCLIENTYOUSI\VS2010\DEBUG\STUMAINFRAME.OBJ
C:\USERS\XISHIYI\DESKTOP\ONLINESTUCLIENTYOUSI17\ONLINESTUCLIENTYOUSI\VS2010\DEBUG\TENCENT.OBJ
C:\Users\xishiyi\Desktop\OnlineStuClientyousi17\OnlineStuClientyousi\vs2010\Debug\vc100.idb
C:\USERS\XISHIYI\DESKTOP\ONLINESTUCLIENTYOUSI17\ONLINESTUCLIENTYOUSI\VS2010\DEBUG\VC100.PDB
C:\USERS\XISHIYI\DESKTOP\ONLINESTUCLIENTYOUSI17\ONLINESTUCLIENTYOUSI\VS2010\DEBUG\WEBVIEW_CHROMIUM.OBJ
C:\USERS\XISHIYI\DESKTOP\ONLINESTUCLIENTYOUSI17\ONLINESTUCLIENTYOUSI\VS2010\DEBUG\XLOG.OBJ
